<?xml version="1.0" encoding="UTF-8"?>
<!-- Generated by org.testng.reporters.JUnitReportReporter -->
<testsuite hostname="nooruddin1-sa" failures="0" tests="3" name="testcase.My_Account_UserProfile_AddPet" time="334.679" errors="0" timestamp="2025-03-20T14:48:16 IST" skipped="0">
  <testcase classname="testcase.My_Account_UserProfile_AddPet" name="My_Ac_AddPet" time="66.271"/>
  <system-out/>
  <testcase classname="testcase.My_Account_UserProfile_AddPet" name="AddPet_PetHealth" time="225.675"/>
  <system-out/>
  <testcase classname="testcase.My_Account_UserProfile_AddPet" name="AddPet_vet" time="42.733"/>
  <system-out/>
</testsuite> <!-- testcase.My_Account_UserProfile_AddPet -->
