<?xml version="1.0" encoding="UTF-8"?>
<!-- Generated by org.testng.reporters.JUnitReportReporter -->
<testsuite hostname="nooruddin1-sa" failures="0" tests="3" name="testcase.My_Account_UserProfile_EditPet" time="129.986" errors="0" timestamp="2025-03-20T16:22:02 IST" skipped="0">
  <testcase classname="testcase.My_Account_UserProfile_EditPet" name="Edit_MyPet" time="37.707"/>
  <system-out/>
  <testcase classname="testcase.My_Account_UserProfile_EditPet" name="Edit_PetHealth" time="57.342"/>
  <system-out/>
  <testcase classname="testcase.My_Account_UserProfile_EditPet" name="Edit_Vet" time="34.937"/>
  <system-out/>
</testsuite> <!-- testcase.My_Account_UserProfile_EditPet -->
