<?xml version="1.0" encoding="UTF-8"?>
<!-- Generated by org.testng.reporters.JUnitReportReporter -->
<testsuite hostname="nooruddin1-sa" failures="0" tests="1" name="testcase.DeleteListview_DP" time="18.893" errors="0" timestamp="2025-03-12T18:37:33 IST" skipped="0">
  <testcase classname="testcase.DeleteListview_DP" name="deletepetLv_DP" time="18.893"/>
  <system-out/>
</testsuite> <!-- testcase.DeleteListview_DP -->
