<?xml version="1.0" encoding="UTF-8"?>
<!-- Generated by org.testng.reporters.JUnitReportReporter -->
<testsuite hostname="nooruddin1-sa" failures="0" tests="1" name="testcase.My_Account_UserProfile_DeletePet" time="27.348" errors="0" timestamp="2025-03-20T17:27:23 IST" skipped="0">
  <testcase classname="testcase.My_Account_UserProfile_DeletePet" name="My_Ac_ViewPet" time="27.348"/>
  <system-out/>
</testsuite> <!-- testcase.My_Account_UserProfile_DeletePet -->
