<?xml version="1.0" encoding="UTF-8"?>
<!-- Generated by org.testng.reporters.JUnitReportReporter -->
<testsuite hostname="nooruddin1-sa" failures="0" tests="1" name="testcase.ViewpetGridView_DP" time="24.323" errors="0" timestamp="2025-03-12T18:37:33 IST" skipped="0">
  <testcase classname="testcase.ViewpetGridView_DP" name="gviewpetDp" time="24.323"/>
  <system-out/>
</testsuite> <!-- testcase.ViewpetGridView_DP -->
