<?xml version="1.0" encoding="UTF-8"?>
<!-- Generated by org.testng.reporters.JUnitReportReporter -->
<testsuite hostname="nooruddin1-sa" failures="0" tests="1" name="testcase.Gridview_Deactivate_Pet" time="19.519" errors="0" timestamp="2025-03-12T18:37:33 IST" skipped="0">
  <testcase classname="testcase.Gridview_Deactivate_Pet" name="deactivatepet" time="19.519"/>
  <system-out/>
</testsuite> <!-- testcase.Gridview_Deactivate_Pet -->
