<?xml version="1.0" encoding="UTF-8"?>
<!-- Generated by org.testng.reporters.JUnitReportReporter -->
<testsuite hostname="nooruddin1-sa" failures="0" tests="1" name="testcase.Listview_Deactivate_Pet" time="14.375" errors="0" timestamp="2025-03-12T18:37:33 IST" skipped="0">
  <testcase classname="testcase.Listview_Deactivate_Pet" name="deactivatepet" time="14.375"/>
  <system-out/>
</testsuite> <!-- testcase.Listview_Deactivate_Pet -->
