<?xml version="1.0" encoding="UTF-8"?>
<!-- Generated by org.testng.reporters.JUnitReportReporter -->
<testsuite hostname="nooruddin1-sa" failures="0" tests="1" name="testcase.AllReport_DP" time="29.304" errors="0" timestamp="2025-03-12T18:37:33 IST" skipped="0">
  <testcase classname="testcase.AllReport_DP" name="allreportDp" time="29.304"/>
  <system-out/>
</testsuite> <!-- testcase.AllReport_DP -->
