<?xml version="1.0" encoding="UTF-8"?>
<!-- Generated by org.testng.reporters.JUnitReportReporter -->
<testsuite hostname="nooruddin1-sa" failures="0" tests="1" name="base.AbUrl" time="57.792" errors="0" timestamp="2025-03-26T12:53:25 IST" skipped="0">
  <testcase classname="base.AbUrl" name="login" time="57.792"/>
  <system-out/>
</testsuite> <!-- base.AbUrl -->
