<?xml version="1.0" encoding="UTF-8"?>
<!-- Generated by org.testng.reporters.JUnitReportReporter -->
<testsuite hostname="nooruddin1-sa" failures="0" tests="1" name="testcase.Signin_Existinguser" time="61.224" errors="0" timestamp="2025-03-27T15:15:41 IST" skipped="0">
  <testcase classname="testcase.Signin_Existinguser" name="login" time="61.224"/>
  <system-out/>
</testsuite> <!-- testcase.Signin_Existinguser -->
